ERROR - 2023-10-09 02:21:14 --> Error connecting to the database: mysqli_sql_exception: Access denied for user 'root'@'localhost' (using password: YES) in C:\xampp\htdocs\belajar\ci4_inventory_barang\system\Database\MySQLi\Connection.php:185
Stack trace:
#0 C:\xampp\htdocs\belajar\ci4_inventory_barang\system\Database\MySQLi\Connection.php(185): mysqli->real_connect('localhost', 'root', 'root', '', 3306, '', 0)
#1 C:\xampp\htdocs\belajar\ci4_inventory_barang\system\Database\BaseConnection.php(391): CodeIgniter\Database\MySQLi\Connection->connect(false)
#2 C:\xampp\htdocs\belajar\ci4_inventory_barang\system\Database\Database.php(66): CodeIgniter\Database\BaseConnection->initialize()
#3 C:\xampp\htdocs\belajar\ci4_inventory_barang\system\Database\Config.php(108): CodeIgniter\Database\Database->loadForge(Object(CodeIgniter\Database\MySQLi\Connection))
#4 C:\xampp\htdocs\belajar\ci4_inventory_barang\system\Commands\Database\CreateDatabase.php(134): CodeIgniter\Database\Config::forge()
#5 C:\xampp\htdocs\belajar\ci4_inventory_barang\system\CLI\Commands.php(65): CodeIgniter\Commands\Database\CreateDatabase->run(Array)
#6 C:\xampp\htdocs\belajar\ci4_inventory_barang\system\CLI\Console.php(37): CodeIgniter\CLI\Commands->run('db:create', Array)
#7 C:\xampp\htdocs\belajar\ci4_inventory_barang\spark(102): CodeIgniter\CLI\Console->run()
#8 {main}

Next CodeIgniter\Database\Exceptions\DatabaseException: Access denied for user '****'@'localhost' (using password: YES) in C:\xampp\htdocs\belajar\ci4_inventory_barang\system\Database\MySQLi\Connection.php:229
Stack trace:
#0 C:\xampp\htdocs\belajar\ci4_inventory_barang\system\Database\BaseConnection.php(391): CodeIgniter\Database\MySQLi\Connection->connect(false)
#1 C:\xampp\htdocs\belajar\ci4_inventory_barang\system\Database\Database.php(66): CodeIgniter\Database\BaseConnection->initialize()
#2 C:\xampp\htdocs\belajar\ci4_inventory_barang\system\Database\Config.php(108): CodeIgniter\Database\Database->loadForge(Object(CodeIgniter\Database\MySQLi\Connection))
#3 C:\xampp\htdocs\belajar\ci4_inventory_barang\system\Commands\Database\CreateDatabase.php(134): CodeIgniter\Database\Config::forge()
#4 C:\xampp\htdocs\belajar\ci4_inventory_barang\system\CLI\Commands.php(65): CodeIgniter\Commands\Database\CreateDatabase->run(Array)
#5 C:\xampp\htdocs\belajar\ci4_inventory_barang\system\CLI\Console.php(37): CodeIgniter\CLI\Commands->run('db:create', Array)
#6 C:\xampp\htdocs\belajar\ci4_inventory_barang\spark(102): CodeIgniter\CLI\Console->run()
#7 {main}
ERROR - 2023-10-09 02:21:40 --> mysqli_sql_exception: Can't create database 'dbgudang'; database exists in C:\xampp\htdocs\belajar\ci4_inventory_barang\system\Database\MySQLi\Connection.php:306
Stack trace:
#0 C:\xampp\htdocs\belajar\ci4_inventory_barang\system\Database\MySQLi\Connection.php(306): mysqli->query('CREATE DATABASE...', 0)
#1 C:\xampp\htdocs\belajar\ci4_inventory_barang\system\Database\BaseConnection.php(692): CodeIgniter\Database\MySQLi\Connection->execute('CREATE DATABASE...')
#2 C:\xampp\htdocs\belajar\ci4_inventory_barang\system\Database\BaseConnection.php(606): CodeIgniter\Database\BaseConnection->simpleQuery('CREATE DATABASE...')
#3 C:\xampp\htdocs\belajar\ci4_inventory_barang\system\Database\Forge.php(230): CodeIgniter\Database\BaseConnection->query('CREATE DATABASE...')
#4 C:\xampp\htdocs\belajar\ci4_inventory_barang\system\Commands\Database\CreateDatabase.php(134): CodeIgniter\Database\Forge->createDatabase('dbgudang')
#5 C:\xampp\htdocs\belajar\ci4_inventory_barang\system\CLI\Commands.php(65): CodeIgniter\Commands\Database\CreateDatabase->run(Array)
#6 C:\xampp\htdocs\belajar\ci4_inventory_barang\system\CLI\Console.php(37): CodeIgniter\CLI\Commands->run('db:create', Array)
#7 C:\xampp\htdocs\belajar\ci4_inventory_barang\spark(102): CodeIgniter\CLI\Console->run()
#8 {main}
CRITICAL - 2023-10-09 04:11:52 --> Call to undefined method CodeIgniter\View\View::extends()
in APPPATH\Views\kategori\viewkategori.php on line 1.
 1 SYSTEMPATH\View\View.php(226): include()
 2 SYSTEMPATH\View\View.php(229): CodeIgniter\View\View->CodeIgniter\View\{closure}()
 3 SYSTEMPATH\Common.php(1188): CodeIgniter\View\View->render('kategori/viewkategori', [], true)
 4 APPPATH\Controllers\Kategori.php(11): view('kategori/viewkategori')
 5 SYSTEMPATH\CodeIgniter.php(919): App\Controllers\Kategori->index()
 6 SYSTEMPATH\CodeIgniter.php(494): CodeIgniter\CodeIgniter->runController(Object(App\Controllers\Kategori))
 7 SYSTEMPATH\CodeIgniter.php(353): CodeIgniter\CodeIgniter->handleRequest(null, Object(Config\Cache), false)
 8 FCPATH\index.php(79): CodeIgniter\CodeIgniter->run()
 9 SYSTEMPATH\Commands\Server\rewrite.php(47): require_once('C:\\xampp\\htdocs\\belajar\\ci4_inventory_barang\\public\\index.php')
CRITICAL - 2023-10-09 04:21:06 --> Invalid file: "satuan/viewsatuan.php"
in SYSTEMPATH\Exceptions\FrameworkException.php on line 39.
 1 SYSTEMPATH\View\View.php(214): CodeIgniter\Exceptions\FrameworkException::forInvalidFile('satuan/viewsatuan.php')
 2 SYSTEMPATH\Common.php(1188): CodeIgniter\View\View->render('satuan/viewsatuan', [], true)
 3 APPPATH\Controllers\Satuan.php(11): view('satuan/viewsatuan')
 4 SYSTEMPATH\CodeIgniter.php(919): App\Controllers\Satuan->index()
 5 SYSTEMPATH\CodeIgniter.php(494): CodeIgniter\CodeIgniter->runController(Object(App\Controllers\Satuan))
 6 SYSTEMPATH\CodeIgniter.php(353): CodeIgniter\CodeIgniter->handleRequest(null, Object(Config\Cache), false)
 7 FCPATH\index.php(79): CodeIgniter\CodeIgniter->run()
 8 SYSTEMPATH\Commands\Server\rewrite.php(47): require_once('C:\\xampp\\htdocs\\belajar\\ci4_inventory_barang\\public\\index.php')
