ERROR - 2023-10-12 01:44:26 --> Error connecting to the database: mysqli_sql_exception: No connection could be made because the target machine actively refused it.
 in C:\xampp\htdocs\belajar\ci4_inventory_barang\system\Database\MySQLi\Connection.php:185
Stack trace:
#0 C:\xampp\htdocs\belajar\ci4_inventory_barang\system\Database\MySQLi\Connection.php(185): mysqli->real_connect('localhost', 'root', '', 'dbgudang', 3306, '', 0)
#1 C:\xampp\htdocs\belajar\ci4_inventory_barang\system\Database\BaseConnection.php(391): CodeIgniter\Database\MySQLi\Connection->connect(false)
#2 C:\xampp\htdocs\belajar\ci4_inventory_barang\system\Database\BaseConnection.php(574): CodeIgniter\Database\BaseConnection->initialize()
#3 C:\xampp\htdocs\belajar\ci4_inventory_barang\system\Database\BaseBuilder.php(1615): CodeIgniter\Database\BaseConnection->query('SELECT *\nFROM `...', Array, false)
#4 C:\xampp\htdocs\belajar\ci4_inventory_barang\system\Model.php(871): CodeIgniter\Database\BaseBuilder->get()
#5 C:\xampp\htdocs\belajar\ci4_inventory_barang\app\Models\Modeltempbarangmasuk.php(18): CodeIgniter\Model->__call('get', Array)
#6 C:\xampp\htdocs\belajar\ci4_inventory_barang\app\Controllers\Barangmasuk.php(24): App\Models\Modeltempbarangmasuk->tampilDataTemp('')
#7 C:\xampp\htdocs\belajar\ci4_inventory_barang\system\CodeIgniter.php(919): App\Controllers\Barangmasuk->dataTemp()
#8 C:\xampp\htdocs\belajar\ci4_inventory_barang\system\CodeIgniter.php(494): CodeIgniter\CodeIgniter->runController(Object(App\Controllers\Barangmasuk))
#9 C:\xampp\htdocs\belajar\ci4_inventory_barang\system\CodeIgniter.php(353): CodeIgniter\CodeIgniter->handleRequest(NULL, Object(Config\Cache), false)
#10 C:\xampp\htdocs\belajar\ci4_inventory_barang\public\index.php(79): CodeIgniter\CodeIgniter->run()
#11 C:\xampp\htdocs\belajar\ci4_inventory_barang\system\Commands\Server\rewrite.php(47): require_once('C:\\xampp\\htdocs...')
#12 {main}

Next CodeIgniter\Database\Exceptions\DatabaseException: No connection could be made because the target machine actively refused it.
 in C:\xampp\htdocs\belajar\ci4_inventory_barang\system\Database\MySQLi\Connection.php:229
Stack trace:
#0 C:\xampp\htdocs\belajar\ci4_inventory_barang\system\Database\BaseConnection.php(391): CodeIgniter\Database\MySQLi\Connection->connect(false)
#1 C:\xampp\htdocs\belajar\ci4_inventory_barang\system\Database\BaseConnection.php(574): CodeIgniter\Database\BaseConnection->initialize()
#2 C:\xampp\htdocs\belajar\ci4_inventory_barang\system\Database\BaseBuilder.php(1615): CodeIgniter\Database\BaseConnection->query('SELECT *\nFROM `...', Array, false)
#3 C:\xampp\htdocs\belajar\ci4_inventory_barang\system\Model.php(871): CodeIgniter\Database\BaseBuilder->get()
#4 C:\xampp\htdocs\belajar\ci4_inventory_barang\app\Models\Modeltempbarangmasuk.php(18): CodeIgniter\Model->__call('get', Array)
#5 C:\xampp\htdocs\belajar\ci4_inventory_barang\app\Controllers\Barangmasuk.php(24): App\Models\Modeltempbarangmasuk->tampilDataTemp('')
#6 C:\xampp\htdocs\belajar\ci4_inventory_barang\system\CodeIgniter.php(919): App\Controllers\Barangmasuk->dataTemp()
#7 C:\xampp\htdocs\belajar\ci4_inventory_barang\system\CodeIgniter.php(494): CodeIgniter\CodeIgniter->runController(Object(App\Controllers\Barangmasuk))
#8 C:\xampp\htdocs\belajar\ci4_inventory_barang\system\CodeIgniter.php(353): CodeIgniter\CodeIgniter->handleRequest(NULL, Object(Config\Cache), false)
#9 C:\xampp\htdocs\belajar\ci4_inventory_barang\public\index.php(79): CodeIgniter\CodeIgniter->run()
#10 C:\xampp\htdocs\belajar\ci4_inventory_barang\system\Commands\Server\rewrite.php(47): require_once('C:\\xampp\\htdocs...')
#11 {main}
CRITICAL - 2023-10-12 01:44:26 --> Unable to connect to the database.
Main connection [MySQLi]: No connection could be made because the target machine actively refused it.

in SYSTEMPATH\Database\BaseConnection.php on line 427.
 1 SYSTEMPATH\Database\BaseConnection.php(574): CodeIgniter\Database\BaseConnection->initialize()
 2 SYSTEMPATH\Database\BaseBuilder.php(1615): CodeIgniter\Database\BaseConnection->query('SELECT *
FROM `temp_barangmasuk`
JOIN `barang` ON `brgkode`=`detbrgkode`
WHERE `detfaktur` = :detfaktur:', [...], false)
 3 SYSTEMPATH\Model.php(871): CodeIgniter\Database\BaseBuilder->get()
 4 APPPATH\Models\Modeltempbarangmasuk.php(18): CodeIgniter\Model->__call('get', [])
 5 APPPATH\Controllers\Barangmasuk.php(24): App\Models\Modeltempbarangmasuk->tampilDataTemp('')
 6 SYSTEMPATH\CodeIgniter.php(919): App\Controllers\Barangmasuk->dataTemp()
 7 SYSTEMPATH\CodeIgniter.php(494): CodeIgniter\CodeIgniter->runController(Object(App\Controllers\Barangmasuk))
 8 SYSTEMPATH\CodeIgniter.php(353): CodeIgniter\CodeIgniter->handleRequest(null, Object(Config\Cache), false)
 9 FCPATH\index.php(79): CodeIgniter\CodeIgniter->run()
10 SYSTEMPATH\Commands\Server\rewrite.php(47): require_once('C:\\xampp\\htdocs\\belajar\\ci4_inventory_barang\\public\\index.php')
ERROR - 2023-10-12 01:44:37 --> Error connecting to the database: mysqli_sql_exception: No connection could be made because the target machine actively refused it.
 in C:\xampp\htdocs\belajar\ci4_inventory_barang\system\Database\MySQLi\Connection.php:185
Stack trace:
#0 C:\xampp\htdocs\belajar\ci4_inventory_barang\system\Database\MySQLi\Connection.php(185): mysqli->real_connect('localhost', 'root', '', 'dbgudang', 3306, '', 0)
#1 C:\xampp\htdocs\belajar\ci4_inventory_barang\system\Database\BaseConnection.php(391): CodeIgniter\Database\MySQLi\Connection->connect(false)
#2 C:\xampp\htdocs\belajar\ci4_inventory_barang\system\Database\BaseConnection.php(574): CodeIgniter\Database\BaseConnection->initialize()
#3 C:\xampp\htdocs\belajar\ci4_inventory_barang\system\Database\BaseBuilder.php(1615): CodeIgniter\Database\BaseConnection->query('SELECT *\nFROM `...', Array, false)
#4 C:\xampp\htdocs\belajar\ci4_inventory_barang\system\Model.php(871): CodeIgniter\Database\BaseBuilder->get()
#5 C:\xampp\htdocs\belajar\ci4_inventory_barang\app\Models\Modeltempbarangmasuk.php(18): CodeIgniter\Model->__call('get', Array)
#6 C:\xampp\htdocs\belajar\ci4_inventory_barang\app\Controllers\Barangmasuk.php(24): App\Models\Modeltempbarangmasuk->tampilDataTemp('')
#7 C:\xampp\htdocs\belajar\ci4_inventory_barang\system\CodeIgniter.php(919): App\Controllers\Barangmasuk->dataTemp()
#8 C:\xampp\htdocs\belajar\ci4_inventory_barang\system\CodeIgniter.php(494): CodeIgniter\CodeIgniter->runController(Object(App\Controllers\Barangmasuk))
#9 C:\xampp\htdocs\belajar\ci4_inventory_barang\system\CodeIgniter.php(353): CodeIgniter\CodeIgniter->handleRequest(NULL, Object(Config\Cache), false)
#10 C:\xampp\htdocs\belajar\ci4_inventory_barang\public\index.php(79): CodeIgniter\CodeIgniter->run()
#11 C:\xampp\htdocs\belajar\ci4_inventory_barang\system\Commands\Server\rewrite.php(47): require_once('C:\\xampp\\htdocs...')
#12 {main}

Next CodeIgniter\Database\Exceptions\DatabaseException: No connection could be made because the target machine actively refused it.
 in C:\xampp\htdocs\belajar\ci4_inventory_barang\system\Database\MySQLi\Connection.php:229
Stack trace:
#0 C:\xampp\htdocs\belajar\ci4_inventory_barang\system\Database\BaseConnection.php(391): CodeIgniter\Database\MySQLi\Connection->connect(false)
#1 C:\xampp\htdocs\belajar\ci4_inventory_barang\system\Database\BaseConnection.php(574): CodeIgniter\Database\BaseConnection->initialize()
#2 C:\xampp\htdocs\belajar\ci4_inventory_barang\system\Database\BaseBuilder.php(1615): CodeIgniter\Database\BaseConnection->query('SELECT *\nFROM `...', Array, false)
#3 C:\xampp\htdocs\belajar\ci4_inventory_barang\system\Model.php(871): CodeIgniter\Database\BaseBuilder->get()
#4 C:\xampp\htdocs\belajar\ci4_inventory_barang\app\Models\Modeltempbarangmasuk.php(18): CodeIgniter\Model->__call('get', Array)
#5 C:\xampp\htdocs\belajar\ci4_inventory_barang\app\Controllers\Barangmasuk.php(24): App\Models\Modeltempbarangmasuk->tampilDataTemp('')
#6 C:\xampp\htdocs\belajar\ci4_inventory_barang\system\CodeIgniter.php(919): App\Controllers\Barangmasuk->dataTemp()
#7 C:\xampp\htdocs\belajar\ci4_inventory_barang\system\CodeIgniter.php(494): CodeIgniter\CodeIgniter->runController(Object(App\Controllers\Barangmasuk))
#8 C:\xampp\htdocs\belajar\ci4_inventory_barang\system\CodeIgniter.php(353): CodeIgniter\CodeIgniter->handleRequest(NULL, Object(Config\Cache), false)
#9 C:\xampp\htdocs\belajar\ci4_inventory_barang\public\index.php(79): CodeIgniter\CodeIgniter->run()
#10 C:\xampp\htdocs\belajar\ci4_inventory_barang\system\Commands\Server\rewrite.php(47): require_once('C:\\xampp\\htdocs...')
#11 {main}
CRITICAL - 2023-10-12 01:44:37 --> Unable to connect to the database.
Main connection [MySQLi]: No connection could be made because the target machine actively refused it.

in SYSTEMPATH\Database\BaseConnection.php on line 427.
 1 SYSTEMPATH\Database\BaseConnection.php(574): CodeIgniter\Database\BaseConnection->initialize()
 2 SYSTEMPATH\Database\BaseBuilder.php(1615): CodeIgniter\Database\BaseConnection->query('SELECT *
FROM `temp_barangmasuk`
JOIN `barang` ON `brgkode`=`detbrgkode`
WHERE `detfaktur` = :detfaktur:', [...], false)
 3 SYSTEMPATH\Model.php(871): CodeIgniter\Database\BaseBuilder->get()
 4 APPPATH\Models\Modeltempbarangmasuk.php(18): CodeIgniter\Model->__call('get', [])
 5 APPPATH\Controllers\Barangmasuk.php(24): App\Models\Modeltempbarangmasuk->tampilDataTemp('')
 6 SYSTEMPATH\CodeIgniter.php(919): App\Controllers\Barangmasuk->dataTemp()
 7 SYSTEMPATH\CodeIgniter.php(494): CodeIgniter\CodeIgniter->runController(Object(App\Controllers\Barangmasuk))
 8 SYSTEMPATH\CodeIgniter.php(353): CodeIgniter\CodeIgniter->handleRequest(null, Object(Config\Cache), false)
 9 FCPATH\index.php(79): CodeIgniter\CodeIgniter->run()
10 SYSTEMPATH\Commands\Server\rewrite.php(47): require_once('C:\\xampp\\htdocs\\belajar\\ci4_inventory_barang\\public\\index.php')
INFO - 2023-10-12 08:37:24 --> Session: Class initialized using 'CodeIgniter\Session\Handlers\FileHandler' driver.
INFO - 2023-10-12 08:37:27 --> Session: Class initialized using 'CodeIgniter\Session\Handlers\FileHandler' driver.
INFO - 2023-10-12 08:49:36 --> Session: Class initialized using 'CodeIgniter\Session\Handlers\FileHandler' driver.
CRITICAL - 2023-10-12 08:49:38 --> syntax error, unexpected '}', expecting ';' or ','
in APPPATH\Controllers\Barangmasuk.php on line 163.
 1 SYSTEMPATH\Autoloader\Autoloader.php(285): CodeIgniter\Autoloader\Autoloader->includeFile('C:\\xampp\\htdocs\\belajar\\ci4_inventory_barang\\app\\Controllers\\Barangmasuk.php')
 2 SYSTEMPATH\Autoloader\Autoloader.php(263): CodeIgniter\Autoloader\Autoloader->loadInNamespace('App\\Controllers\\Barangmasuk')
 3 [internal function]: CodeIgniter\Autoloader\Autoloader->loadClass('App\\Controllers\\Barangmasuk')
 4 [internal function]: spl_autoload_call('App\\Controllers\\Barangmasuk')
 5 SYSTEMPATH\CodeIgniter.php(877): class_exists('\\App\\Controllers\\Barangmasuk', true)
 6 SYSTEMPATH\CodeIgniter.php(481): CodeIgniter\CodeIgniter->startController()
 7 SYSTEMPATH\CodeIgniter.php(353): CodeIgniter\CodeIgniter->handleRequest(null, Object(Config\Cache), false)
 8 FCPATH\index.php(79): CodeIgniter\CodeIgniter->run()
 9 SYSTEMPATH\Commands\Server\rewrite.php(47): require_once('C:\\xampp\\htdocs\\belajar\\ci4_inventory_barang\\public\\index.php')
CRITICAL - 2023-10-12 08:56:43 --> Use of undefined constant faktur - assumed 'faktur' (this will throw an Error in a future version of PHP)
in APPPATH\Controllers\Barangmasuk.php on line 171.
 1 APPPATH\Controllers\Barangmasuk.php(171): CodeIgniter\Debug\Exceptions->errorHandler(2, 'Use of undefined constant faktur - assumed \'faktur\' (this will throw an Error in a future version of PHP)', 'C:\\xampp\\htdocs\\belajar\\ci4_inventory_barang\\app\\Controllers\\Barangmasuk.php', 171, [...])
 2 SYSTEMPATH\CodeIgniter.php(919): App\Controllers\Barangmasuk->selesaiTransaksi()
 3 SYSTEMPATH\CodeIgniter.php(494): CodeIgniter\CodeIgniter->runController(Object(App\Controllers\Barangmasuk))
 4 SYSTEMPATH\CodeIgniter.php(353): CodeIgniter\CodeIgniter->handleRequest(null, Object(Config\Cache), false)
 5 FCPATH\index.php(79): CodeIgniter\CodeIgniter->run()
 6 SYSTEMPATH\Commands\Server\rewrite.php(47): require_once('C:\\xampp\\htdocs\\belajar\\ci4_inventory_barang\\public\\index.php')
CRITICAL - 2023-10-12 08:56:56 --> Use of undefined constant faktur - assumed 'faktur' (this will throw an Error in a future version of PHP)
in APPPATH\Controllers\Barangmasuk.php on line 171.
 1 APPPATH\Controllers\Barangmasuk.php(171): CodeIgniter\Debug\Exceptions->errorHandler(2, 'Use of undefined constant faktur - assumed \'faktur\' (this will throw an Error in a future version of PHP)', 'C:\\xampp\\htdocs\\belajar\\ci4_inventory_barang\\app\\Controllers\\Barangmasuk.php', 171, [...])
 2 SYSTEMPATH\CodeIgniter.php(919): App\Controllers\Barangmasuk->selesaiTransaksi()
 3 SYSTEMPATH\CodeIgniter.php(494): CodeIgniter\CodeIgniter->runController(Object(App\Controllers\Barangmasuk))
 4 SYSTEMPATH\CodeIgniter.php(353): CodeIgniter\CodeIgniter->handleRequest(null, Object(Config\Cache), false)
 5 FCPATH\index.php(79): CodeIgniter\CodeIgniter->run()
 6 SYSTEMPATH\Commands\Server\rewrite.php(47): require_once('C:\\xampp\\htdocs\\belajar\\ci4_inventory_barang\\public\\index.php')
CRITICAL - 2023-10-12 08:57:57 --> There is no data to insert.
in SYSTEMPATH\BaseModel.php on line 768.
 1 SYSTEMPATH\BaseModel.php(768): CodeIgniter\Database\Exceptions\DataException::forEmptyDataset('insert')
 2 SYSTEMPATH\Model.php(715): CodeIgniter\BaseModel->insert([], true)
 3 APPPATH\Controllers\Barangmasuk.php(173): CodeIgniter\Model->insert([...])
 4 SYSTEMPATH\CodeIgniter.php(919): App\Controllers\Barangmasuk->selesaiTransaksi()
 5 SYSTEMPATH\CodeIgniter.php(494): CodeIgniter\CodeIgniter->runController(Object(App\Controllers\Barangmasuk))
 6 SYSTEMPATH\CodeIgniter.php(353): CodeIgniter\CodeIgniter->handleRequest(null, Object(Config\Cache), false)
 7 FCPATH\index.php(79): CodeIgniter\CodeIgniter->run()
 8 SYSTEMPATH\Commands\Server\rewrite.php(47): require_once('C:\\xampp\\htdocs\\belajar\\ci4_inventory_barang\\public\\index.php')
CRITICAL - 2023-10-12 08:58:08 --> There is no data to insert.
in SYSTEMPATH\BaseModel.php on line 768.
 1 SYSTEMPATH\BaseModel.php(768): CodeIgniter\Database\Exceptions\DataException::forEmptyDataset('insert')
 2 SYSTEMPATH\Model.php(715): CodeIgniter\BaseModel->insert([], true)
 3 APPPATH\Controllers\Barangmasuk.php(173): CodeIgniter\Model->insert([...])
 4 SYSTEMPATH\CodeIgniter.php(919): App\Controllers\Barangmasuk->selesaiTransaksi()
 5 SYSTEMPATH\CodeIgniter.php(494): CodeIgniter\CodeIgniter->runController(Object(App\Controllers\Barangmasuk))
 6 SYSTEMPATH\CodeIgniter.php(353): CodeIgniter\CodeIgniter->handleRequest(null, Object(Config\Cache), false)
 7 FCPATH\index.php(79): CodeIgniter\CodeIgniter->run()
 8 SYSTEMPATH\Commands\Server\rewrite.php(47): require_once('C:\\xampp\\htdocs\\belajar\\ci4_inventory_barang\\public\\index.php')
CRITICAL - 2023-10-12 09:00:14 --> There is no data to insert.
in SYSTEMPATH\BaseModel.php on line 768.
 1 SYSTEMPATH\BaseModel.php(768): CodeIgniter\Database\Exceptions\DataException::forEmptyDataset('insert')
 2 SYSTEMPATH\Model.php(715): CodeIgniter\BaseModel->insert([], true)
 3 APPPATH\Controllers\Barangmasuk.php(173): CodeIgniter\Model->insert([...])
 4 SYSTEMPATH\CodeIgniter.php(919): App\Controllers\Barangmasuk->selesaiTransaksi()
 5 SYSTEMPATH\CodeIgniter.php(494): CodeIgniter\CodeIgniter->runController(Object(App\Controllers\Barangmasuk))
 6 SYSTEMPATH\CodeIgniter.php(353): CodeIgniter\CodeIgniter->handleRequest(null, Object(Config\Cache), false)
 7 FCPATH\index.php(79): CodeIgniter\CodeIgniter->run()
 8 SYSTEMPATH\Commands\Server\rewrite.php(47): require_once('C:\\xampp\\htdocs\\belajar\\ci4_inventory_barang\\public\\index.php')
CRITICAL - 2023-10-12 09:01:49 --> There is no data to insert.
in SYSTEMPATH\BaseModel.php on line 768.
 1 SYSTEMPATH\BaseModel.php(768): CodeIgniter\Database\Exceptions\DataException::forEmptyDataset('insert')
 2 SYSTEMPATH\Model.php(715): CodeIgniter\BaseModel->insert([], true)
 3 APPPATH\Controllers\Barangmasuk.php(173): CodeIgniter\Model->insert([...])
 4 SYSTEMPATH\CodeIgniter.php(919): App\Controllers\Barangmasuk->selesaiTransaksi()
 5 SYSTEMPATH\CodeIgniter.php(494): CodeIgniter\CodeIgniter->runController(Object(App\Controllers\Barangmasuk))
 6 SYSTEMPATH\CodeIgniter.php(353): CodeIgniter\CodeIgniter->handleRequest(null, Object(Config\Cache), false)
 7 FCPATH\index.php(79): CodeIgniter\CodeIgniter->run()
 8 SYSTEMPATH\Commands\Server\rewrite.php(47): require_once('C:\\xampp\\htdocs\\belajar\\ci4_inventory_barang\\public\\index.php')
CRITICAL - 2023-10-12 09:02:58 --> There is no data to insert.
in SYSTEMPATH\BaseModel.php on line 768.
 1 SYSTEMPATH\BaseModel.php(768): CodeIgniter\Database\Exceptions\DataException::forEmptyDataset('insert')
 2 SYSTEMPATH\Model.php(715): CodeIgniter\BaseModel->insert([], true)
 3 APPPATH\Controllers\Barangmasuk.php(173): CodeIgniter\Model->insert([...])
 4 SYSTEMPATH\CodeIgniter.php(919): App\Controllers\Barangmasuk->selesaiTransaksi()
 5 SYSTEMPATH\CodeIgniter.php(494): CodeIgniter\CodeIgniter->runController(Object(App\Controllers\Barangmasuk))
 6 SYSTEMPATH\CodeIgniter.php(353): CodeIgniter\CodeIgniter->handleRequest(null, Object(Config\Cache), false)
 7 FCPATH\index.php(79): CodeIgniter\CodeIgniter->run()
 8 SYSTEMPATH\Commands\Server\rewrite.php(47): require_once('C:\\xampp\\htdocs\\belajar\\ci4_inventory_barang\\public\\index.php')
CRITICAL - 2023-10-12 09:06:20 --> There is no data to insert.
in SYSTEMPATH\BaseModel.php on line 768.
 1 SYSTEMPATH\BaseModel.php(768): CodeIgniter\Database\Exceptions\DataException::forEmptyDataset('insert')
 2 SYSTEMPATH\Model.php(715): CodeIgniter\BaseModel->insert([], true)
 3 APPPATH\Controllers\Barangmasuk.php(176): CodeIgniter\Model->insert([...])
 4 SYSTEMPATH\CodeIgniter.php(919): App\Controllers\Barangmasuk->selesaiTransaksi()
 5 SYSTEMPATH\CodeIgniter.php(494): CodeIgniter\CodeIgniter->runController(Object(App\Controllers\Barangmasuk))
 6 SYSTEMPATH\CodeIgniter.php(353): CodeIgniter\CodeIgniter->handleRequest(null, Object(Config\Cache), false)
 7 FCPATH\index.php(79): CodeIgniter\CodeIgniter->run()
 8 SYSTEMPATH\Commands\Server\rewrite.php(47): require_once('C:\\xampp\\htdocs\\belajar\\ci4_inventory_barang\\public\\index.php')
CRITICAL - 2023-10-12 09:08:31 --> There is no data to insert.
in SYSTEMPATH\BaseModel.php on line 768.
 1 SYSTEMPATH\BaseModel.php(768): CodeIgniter\Database\Exceptions\DataException::forEmptyDataset('insert')
 2 SYSTEMPATH\Model.php(715): CodeIgniter\BaseModel->insert([], true)
 3 APPPATH\Controllers\Barangmasuk.php(173): CodeIgniter\Model->insert([...])
 4 SYSTEMPATH\CodeIgniter.php(919): App\Controllers\Barangmasuk->selesaiTransaksi()
 5 SYSTEMPATH\CodeIgniter.php(494): CodeIgniter\CodeIgniter->runController(Object(App\Controllers\Barangmasuk))
 6 SYSTEMPATH\CodeIgniter.php(353): CodeIgniter\CodeIgniter->handleRequest(null, Object(Config\Cache), false)
 7 FCPATH\index.php(79): CodeIgniter\CodeIgniter->run()
 8 SYSTEMPATH\Commands\Server\rewrite.php(47): require_once('C:\\xampp\\htdocs\\belajar\\ci4_inventory_barang\\public\\index.php')
